Starting Resource Monitor...
Log file path: ../logs/resource_log.txt
Logging message: CPU Usage: 0.312695%, Memory Usage: 17.176948%
CPU Usage: 0.312695%, Memory Usage: 17.176948%
Logged message successfully
Logging message: CPU Usage: 0.000000%, Memory Usage: 17.160848%
CPU Usage: 0.000000%, Memory Usage: 17.160848%
Logged message successfully
Logging message: CPU Usage: 0.374532%, Memory Usage: 17.157832%
CPU Usage: 0.374532%, Memory Usage: 17.157832%
Logged message successfully
Logging message: CPU Usage: 0.125000%, Memory Usage: 17.151903%
CPU Usage: 0.125000%, Memory Usage: 17.151903%
Logged message successfully
Logging message: CPU Usage: 0.312500%, Memory Usage: 17.183337%
CPU Usage: 0.312500%, Memory Usage: 17.183337%
Logged message successfully
Logging message: CPU Usage: 0.187266%, Memory Usage: 17.189778%
CPU Usage: 0.187266%, Memory Usage: 17.189778%
Logged message successfully
Logging message: CPU Usage: 0.312110%, Memory Usage: 17.163148%
CPU Usage: 0.312110%, Memory Usage: 17.163148%
Logged message successfully
Logging message: CPU Usage: 0.000000%, Memory Usage: 17.163148%
CPU Usage: 0.000000%, Memory Usage: 17.163148%
Logged message successfully
Logging message: CPU Usage: 0.250000%, Memory Usage: 17.169537%
CPU Usage: 0.250000%, Memory Usage: 17.169537%
Logged message successfully
Logging message: CPU Usage: 0.062422%, Memory Usage: 17.169537%
CPU Usage: 0.062422%, Memory Usage: 17.169537%
Logged message successfully
Logging message: CPU Usage: 0.312695%, Memory Usage: 17.169486%
CPU Usage: 0.312695%, Memory Usage: 17.169486%
Logged message successfully
Logging message: CPU Usage: 0.062422%, Memory Usage: 17.169486%
CPU Usage: 0.062422%, Memory Usage: 17.169486%
Logged message successfully
Logging message: CPU Usage: 0.374298%, Memory Usage: 17.172655%
CPU Usage: 0.374298%, Memory Usage: 17.172655%
Logged message successfully
Logging message: CPU Usage: 0.062422%, Memory Usage: 17.172655%
CPU Usage: 0.062422%, Memory Usage: 17.172655%
Logged message successfully
Logging message: CPU Usage: 0.436409%, Memory Usage: 17.192027%
CPU Usage: 0.436409%, Memory Usage: 17.192027%
Logged message successfully
Logging message: CPU Usage: 0.000000%, Memory Usage: 17.192027%
CPU Usage: 0.000000%, Memory Usage: 17.192027%
Logged message successfully
Logging message: CPU Usage: 0.187500%, Memory Usage: 17.175210%
CPU Usage: 0.187500%, Memory Usage: 17.175210%
Logged message successfully
Logging message: CPU Usage: 0.062422%, Memory Usage: 17.175210%
CPU Usage: 0.062422%, Memory Usage: 17.175210%
Logged message successfully
Logging message: CPU Usage: 0.436681%, Memory Usage: 17.172553%
CPU Usage: 0.436681%, Memory Usage: 17.172553%
Logged message successfully
Logging message: CPU Usage: 0.000000%, Memory Usage: 17.173421%
CPU Usage: 0.000000%, Memory Usage: 17.173421%
Logged message successfully
Logging message: CPU Usage: 0.187617%, Memory Usage: 17.183082%
CPU Usage: 0.187617%, Memory Usage: 17.183082%
Logged message successfully
Logging message: CPU Usage: 0.561798%, Memory Usage: 17.202352%
CPU Usage: 0.561798%, Memory Usage: 17.202352%
Logged message successfully
Logging message: CPU Usage: 0.187617%, Memory Usage: 17.208690%
CPU Usage: 0.187617%, Memory Usage: 17.208690%
Logged message successfully
Logging message: CPU Usage: 0.000000%, Memory Usage: 17.211910%
CPU Usage: 0.000000%, Memory Usage: 17.211910%
Logged message successfully
Logging message: CPU Usage: 0.187266%, Memory Usage: 17.234706%
CPU Usage: 0.187266%, Memory Usage: 17.234706%
Logged message successfully
Logging message: CPU Usage: 0.000000%, Memory Usage: 17.237927%
CPU Usage: 0.000000%, Memory Usage: 17.237927%
Logged message successfully
Logging message: CPU Usage: 0.498753%, Memory Usage: 17.214874%
CPU Usage: 0.498753%, Memory Usage: 17.214874%
Logged message successfully
Logging message: CPU Usage: 0.000000%, Memory Usage: 17.214874%
CPU Usage: 0.000000%, Memory Usage: 17.214874%
Logged message successfully
Logging message: CPU Usage: 0.312110%, Memory Usage: 17.237313%
CPU Usage: 0.312110%, Memory Usage: 17.237313%
Logged message successfully
Logging message: CPU Usage: 0.000000%, Memory Usage: 17.237313%
CPU Usage: 0.000000%, Memory Usage: 17.237313%
Logged message successfully
Logging message: CPU Usage: 0.250000%, Memory Usage: 17.243753%
CPU Usage: 0.250000%, Memory Usage: 17.243753%
Logged message successfully
Logging message: CPU Usage: 0.062422%, Memory Usage: 17.243753%
CPU Usage: 0.062422%, Memory Usage: 17.243753%
Logged message successfully
Logging message: CPU Usage: 0.249844%, Memory Usage: 17.253363%
CPU Usage: 0.249844%, Memory Usage: 17.253363%
Logged message successfully
Logging message: CPU Usage: 0.000000%, Memory Usage: 17.256583%
CPU Usage: 0.000000%, Memory Usage: 17.256583%
Logged message successfully
Logging message: CPU Usage: 0.249844%, Memory Usage: 17.280044%
CPU Usage: 0.249844%, Memory Usage: 17.280044%
Logged message successfully
Logging message: CPU Usage: 0.000000%, Memory Usage: 17.279431%
CPU Usage: 0.000000%, Memory Usage: 17.279431%
Logged message successfully
Logging message: CPU Usage: 0.249844%, Memory Usage: 17.253618%
CPU Usage: 0.249844%, Memory Usage: 17.253618%
Logged message successfully
Logging message: CPU Usage: 0.373832%, Memory Usage: 17.246667%
CPU Usage: 0.373832%, Memory Usage: 17.246667%
Logged message successfully
Logging message: CPU Usage: 0.374298%, Memory Usage: 17.244009%
CPU Usage: 0.374298%, Memory Usage: 17.244009%
Logged message successfully
Logging message: CPU Usage: 0.187149%, Memory Usage: 17.243447%
CPU Usage: 0.187149%, Memory Usage: 17.243447%
Logged message successfully
Logging message: CPU Usage: 0.374766%, Memory Usage: 17.256532%
CPU Usage: 0.374766%, Memory Usage: 17.256532%
Logged message successfully
Logging message: CPU Usage: 0.062500%, Memory Usage: 17.246360%
CPU Usage: 0.062500%, Memory Usage: 17.246360%
Logged message successfully
Logging message: CPU Usage: 0.311915%, Memory Usage: 17.246871%
CPU Usage: 0.311915%, Memory Usage: 17.246871%
Logged message successfully
Logging message: CPU Usage: 0.062461%, Memory Usage: 17.249478%
CPU Usage: 0.062461%, Memory Usage: 17.249478%
Logged message successfully
Logging message: CPU Usage: 0.250000%, Memory Usage: 17.233582%
CPU Usage: 0.250000%, Memory Usage: 17.233582%
Logged message successfully
Logging message: CPU Usage: 0.374532%, Memory Usage: 17.262461%
CPU Usage: 0.374532%, Memory Usage: 17.262461%
Logged message successfully
Logging message: CPU Usage: 0.499688%, Memory Usage: 17.223564%
CPU Usage: 0.499688%, Memory Usage: 17.223564%
Logged message successfully
Logging message: CPU Usage: 0.187149%, Memory Usage: 17.226477%
CPU Usage: 0.187149%, Memory Usage: 17.226477%
Logged message successfully
Logging message: CPU Usage: 0.311915%, Memory Usage: 17.227755%
CPU Usage: 0.311915%, Memory Usage: 17.227755%
Logged message successfully
Logging message: CPU Usage: 0.187149%, Memory Usage: 17.225455%
CPU Usage: 0.187149%, Memory Usage: 17.225455%
Logged message successfully
Logging message: CPU Usage: 0.249844%, Memory Usage: 17.225506%
CPU Usage: 0.249844%, Memory Usage: 17.225506%
Logged message successfully
Logging message: CPU Usage: 0.062461%, Memory Usage: 17.225404%
CPU Usage: 0.062461%, Memory Usage: 17.225404%
Logged message successfully
Logging message: CPU Usage: 0.125000%, Memory Usage: 17.228624%
CPU Usage: 0.125000%, Memory Usage: 17.228624%
Logged message successfully
Logging message: CPU Usage: 0.062500%, Memory Usage: 17.228522%
CPU Usage: 0.062500%, Memory Usage: 17.228522%
Logged message successfully
Logging message: CPU Usage: 0.187500%, Memory Usage: 17.222899%
CPU Usage: 0.187500%, Memory Usage: 17.222899%
Logged message successfully
Logging message: CPU Usage: 0.000000%, Memory Usage: 17.248200%
CPU Usage: 0.000000%, Memory Usage: 17.248200%
Logged message successfully
Logging message: CPU Usage: 0.187500%, Memory Usage: 17.229186%
CPU Usage: 0.187500%, Memory Usage: 17.229186%
Logged message successfully
Logging message: CPU Usage: 0.000000%, Memory Usage: 17.225148%
CPU Usage: 0.000000%, Memory Usage: 17.225148%
Logged message successfully
Logging message: CPU Usage: 0.312110%, Memory Usage: 17.241658%
CPU Usage: 0.312110%, Memory Usage: 17.241658%
Logged message successfully
Logging message: CPU Usage: 0.124844%, Memory Usage: 17.219526%
CPU Usage: 0.124844%, Memory Usage: 17.219526%
Logged message successfully
Logging message: CPU Usage: 0.187500%, Memory Usage: 17.228368%
CPU Usage: 0.187500%, Memory Usage: 17.228368%
Logged message successfully
Logging message: CPU Usage: 0.000000%, Memory Usage: 17.228368%
CPU Usage: 0.000000%, Memory Usage: 17.228368%
Logged message successfully
Logging message: CPU Usage: 0.187266%, Memory Usage: 17.225250%
CPU Usage: 0.187266%, Memory Usage: 17.225250%
Logged message successfully
Logging message: CPU Usage: 0.311915%, Memory Usage: 17.231946%
CPU Usage: 0.311915%, Memory Usage: 17.231946%
Logged message successfully
Logging message: CPU Usage: 0.124844%, Memory Usage: 17.240993%
CPU Usage: 0.124844%, Memory Usage: 17.240993%
Logged message successfully
Logging message: CPU Usage: 0.249844%, Memory Usage: 17.254181%
CPU Usage: 0.249844%, Memory Usage: 17.254181%
Logged message successfully
Logging message: CPU Usage: 0.000000%, Memory Usage: 17.254181%
CPU Usage: 0.000000%, Memory Usage: 17.254181%
Logged message successfully
Logging message: CPU Usage: 0.436681%, Memory Usage: 17.218606%
CPU Usage: 0.436681%, Memory Usage: 17.218606%
Logged message successfully
Logging message: CPU Usage: 0.062422%, Memory Usage: 17.218197%
CPU Usage: 0.062422%, Memory Usage: 17.218197%
Logged message successfully
Logging message: CPU Usage: 0.312305%, Memory Usage: 17.231077%
CPU Usage: 0.312305%, Memory Usage: 17.231077%
Logged message successfully
Logging message: CPU Usage: 0.062422%, Memory Usage: 17.221417%
CPU Usage: 0.062422%, Memory Usage: 17.221417%
Logged message successfully
Logging message: CPU Usage: 0.187500%, Memory Usage: 17.237415%
CPU Usage: 0.187500%, Memory Usage: 17.237415%
Logged message successfully
Logging message: CPU Usage: 0.000000%, Memory Usage: 17.237415%
CPU Usage: 0.000000%, Memory Usage: 17.237415%
Logged message successfully
Logging message: CPU Usage: 0.312305%, Memory Usage: 17.246922%
CPU Usage: 0.312305%, Memory Usage: 17.246922%
Logged message successfully
Logging message: CPU Usage: 0.062422%, Memory Usage: 17.237262%
CPU Usage: 0.062422%, Memory Usage: 17.237262%
Logged message successfully
Logging message: CPU Usage: 0.312110%, Memory Usage: 17.254232%
CPU Usage: 0.312110%, Memory Usage: 17.254232%
Logged message successfully
Logging message: CPU Usage: 0.124844%, Memory Usage: 17.253721%
CPU Usage: 0.124844%, Memory Usage: 17.253721%
Logged message successfully
Logging message: CPU Usage: 0.187735%, Memory Usage: 17.221315%
CPU Usage: 0.187735%, Memory Usage: 17.221315%
Logged message successfully
Logging message: CPU Usage: 0.187266%, Memory Usage: 17.215130%
